<?xml version="1.0" encoding="UTF-8"?>
<testsuite xmlns:xsi="http://www.w3.org/2001/XMLSchema-instance" xsi:noNamespaceSchemaLocation="https://maven.apache.org/surefire/maven-surefire-plugin/xsd/surefire-test-report-3.0.xsd" version="3.0" name="it.corso.junitTest.business.StudentBOTest" time="0.047" tests="2" errors="0" skipped="0" failures="0">
  <properties>
[...]
</properties>
  <testcase name="secondTest" classname="it.corso.junitTest.business.StudentBOTest" time="0.027"/>
  <testcase name="createTest" classname="it.corso.junitTest.business.StudentBOTest" time="0.003"/>
</testsuite>